<?xml version="1.0" encoding="UTF-8"?>
<!-- Generated by org.testng.reporters.JUnitReportReporter -->
<testsuite skipped="0" hostname="DESKTOP-9HULIDD" name="Training.FirstSeleniumJavaTest" tests="1" failures="0" timestamp="2021-01-17T03:21:31 EET" time="35.710" errors="0">
  <testcase name="testEasy" time="35.710" classname="Training.FirstSeleniumJavaTest"/>
</testsuite> <!-- Training.FirstSeleniumJavaTest -->
